<?xml version="1.0" encoding="UTF-8"?>
<testng-results skipped="0" failed="0" ignored="0" total="1" passed="1">
  <reporter-output>
  </reporter-output>
  <suite name="Default suite" duration-ms="30212" started-at="2019-07-24T09:47:36Z" finished-at="2019-07-24T09:48:06Z">
    <groups>
    </groups>
    <test name="Default test" duration-ms="30212" started-at="2019-07-24T09:47:36Z" finished-at="2019-07-24T09:48:06Z">
      <class name="Tests.SeleniumScript">
        <test-method status="PASS" signature="beforeMethod()[pri:0, instance:Tests.SeleniumScript@14acaea5]" name="beforeMethod" is-config="true" duration-ms="16400" started-at="2019-07-24T09:47:36Z" finished-at="2019-07-24T09:47:53Z">
          <reporter-output>
          </reporter-output>
        </test-method> <!-- beforeMethod -->
        <test-method status="PASS" signature="f()[pri:0, instance:Tests.SeleniumScript@14acaea5]" name="f" duration-ms="13763" started-at="2019-07-24T09:47:53Z" finished-at="2019-07-24T09:48:06Z">
          <reporter-output>
          </reporter-output>
        </test-method> <!-- f -->
        <test-method status="PASS" signature="afterMethod()[pri:0, instance:Tests.SeleniumScript@14acaea5]" name="afterMethod" is-config="true" duration-ms="14" started-at="2019-07-24T09:48:06Z" finished-at="2019-07-24T09:48:06Z">
          <reporter-output>
          </reporter-output>
        </test-method> <!-- afterMethod -->
      </class> <!-- Tests.SeleniumScript -->
    </test> <!-- Default test -->
  </suite> <!-- Default suite -->
</testng-results>
