<?xml version="1.0" encoding="UTF-8"?>
<testng-results skipped="0" failed="0" ignored="0" total="1" passed="1">
  <reporter-output>
  </reporter-output>
  <suite name="Suite" duration-ms="33341" started-at="2019-07-24T11:10:10Z" finished-at="2019-07-24T11:10:43Z">
    <groups>
    </groups>
    <test name="Test" duration-ms="33341" started-at="2019-07-24T11:10:10Z" finished-at="2019-07-24T11:10:43Z">
      <class name="Tests.SeleniumScript">
        <test-method status="PASS" signature="beforeMethod()[pri:0, instance:Tests.SeleniumScript@d8355a8]" name="beforeMethod" is-config="true" duration-ms="9286" started-at="2019-07-24T11:10:10Z" finished-at="2019-07-24T11:10:19Z">
          <reporter-output>
          </reporter-output>
        </test-method> <!-- beforeMethod -->
        <test-method status="PASS" signature="f()[pri:0, instance:Tests.SeleniumScript@d8355a8]" name="f" duration-ms="23210" started-at="2019-07-24T11:10:19Z" finished-at="2019-07-24T11:10:42Z">
          <reporter-output>
          </reporter-output>
        </test-method> <!-- f -->
        <test-method status="PASS" signature="afterMethod()[pri:0, instance:Tests.SeleniumScript@d8355a8]" name="afterMethod" is-config="true" duration-ms="806" started-at="2019-07-24T11:10:42Z" finished-at="2019-07-24T11:10:43Z">
          <reporter-output>
          </reporter-output>
        </test-method> <!-- afterMethod -->
      </class> <!-- Tests.SeleniumScript -->
    </test> <!-- Test -->
  </suite> <!-- Suite -->
</testng-results>
